\BOOKMARK [0][]{chapter*.4}{Lista de Abreviaturas}{}% 1
\BOOKMARK [0][]{chapter*.5}{Lista de Figuras}{}% 2
\BOOKMARK [0][]{chapter*.6}{Lista de Tabelas}{}% 3
\BOOKMARK [0][]{chapter.1}{D\355vida T\351cnica}{}% 4
\BOOKMARK [1][]{section.1.1}{Introdu\347\343o}{chapter.1}% 5
\BOOKMARK [1][]{section.1.2}{Defini\347\343o da d\355vida t\351cnica}{chapter.1}% 6
\BOOKMARK [1][]{section.1.3}{A met\341fora}{chapter.1}% 7
\BOOKMARK [2][]{subsection.1.3.1}{Termos da met\341fora}{section.1.3}% 8
\BOOKMARK [1][]{section.1.4}{Classifica\347\365es da d\355vida t\351cnica}{chapter.1}% 9
\BOOKMARK [1][]{section.1.5}{Tipos de d\355vida t\351cnicas}{chapter.1}% 10
\BOOKMARK [2][]{subsection.1.5.1}{C\363digo}{section.1.5}% 11
\BOOKMARK [2][]{subsection.1.5.2}{Design}{section.1.5}% 12
\BOOKMARK [2][]{subsection.1.5.3}{Testes}{section.1.5}% 13
\BOOKMARK [2][]{subsection.1.5.4}{Documenta\347\343o}{section.1.5}% 14
\BOOKMARK [2][]{subsection.1.5.5}{Defeitos}{section.1.5}% 15
\BOOKMARK [2][]{subsection.1.5.6}{Arquitetura}{section.1.5}% 16
\BOOKMARK [2][]{subsection.1.5.7}{Constru\347\343o}{section.1.5}% 17
\BOOKMARK [2][]{subsection.1.5.8}{Tecnologia}{section.1.5}% 18
\BOOKMARK [1][]{section.1.6}{Gerenciamento da d\355vida t\351cnica}{chapter.1}% 19
\BOOKMARK [2][]{subsection.1.6.1}{Abordagens adaptadas da \341rea financeira}{section.1.6}% 20
\BOOKMARK [2][]{subsection.1.6.2}{Abordagens espec\355ficas}{section.1.6}% 21
\BOOKMARK [2][]{subsection.1.6.3}{D\355vida t\351cnica como uma ferramenta estrat\351gica}{section.1.6}% 22
\BOOKMARK [0][]{chapter.2}{M\351todo de pesquisa}{}% 23
\BOOKMARK [1][]{section.2.1}{Introdu\347\343o}{chapter.2}% 24
\BOOKMARK [1][]{section.2.2}{Pesquisa quantitativa}{chapter.2}% 25
\BOOKMARK [2][]{subsection.2.2.1}{Minera\347\343o de reposit\363rios}{section.2.2}% 26
\BOOKMARK [1][]{section.2.3}{O estudo de caso}{chapter.2}% 27
\BOOKMARK [2][]{subsection.2.3.1}{Etapas do estudo de caso}{section.2.3}% 28
\BOOKMARK [0][]{appendix*.29}{Refer\352ncias Bibliogr\341ficas}{}% 29
